Existence of input file... CHECKED.
Failed to find the output path. Creating it.
Existence of hadoop jar... CHECKED.
Hadoop executable is located in /opt/hadoop-1.2.1/bin/hadoop
Creating working directory in HDFS.
Executing:
 /opt/hadoop-1.2.1/bin/hadoop dfs -mkdir /user/hadoop/data 

Warning: $HADOOP_HOME is deprecated.

Created directory /user/hadoop/data in HDFS.
Copying the input dataset to HDFS.
Executing:
 /opt/hadoop-1.2.1/bin/hadoop dfs -copyFromLocal /var/www/Gravity/apps/custom/user_upload/5314ed98b7efb.txt /user/hadoop/data 

Warning: $HADOOP_HOME is deprecated.

Successfully copied /var/www/Gravity/apps/custom/user_upload/5314ed98b7efb.txt to /user/hadoop/data on HDFS.
mv: cannot stat `stat/': No such file or directory
Running Hadoop MapReduce.
Executing:
 /opt/hadoop-1.2.1/bin/hadoop jar user_upload/5314ed98b7efb.jar TweetWordCount /user/hadoop/data /user/hadoop/out 

Warning: $HADOOP_HOME is deprecated.

14/03/03 21:01:29 WARN mapred.JobClient: Use GenericOptionsParser for parsing the arguments. Applications should implement Tool for the same.
14/03/03 21:01:29 INFO input.FileInputFormat: Total input paths to process : 1
14/03/03 21:01:29 INFO util.NativeCodeLoader: Loaded the native-hadoop library
14/03/03 21:01:29 WARN snappy.LoadSnappy: Snappy native library not loaded
14/03/03 21:01:29 INFO mapred.JobClient: Running job: job_201403032045_0003
14/03/03 21:01:30 INFO mapred.JobClient:  map 0% reduce 0%
14/03/03 21:01:41 INFO mapred.JobClient:  map 36% reduce 0%
14/03/03 21:01:43 INFO mapred.JobClient:  map 55% reduce 0%
14/03/03 21:01:46 INFO mapred.JobClient:  map 87% reduce 0%
14/03/03 21:01:49 INFO mapred.JobClient:  map 100% reduce 0%
14/03/03 21:01:54 INFO mapred.JobClient:  map 100% reduce 33%
14/03/03 21:01:57 INFO mapred.JobClient:  map 100% reduce 88%
14/03/03 21:01:59 INFO mapred.JobClient:  map 100% reduce 100%
14/03/03 21:02:00 INFO mapred.JobClient: Job complete: job_201403032045_0003
14/03/03 21:02:00 INFO mapred.JobClient: Counters: 29
14/03/03 21:02:00 INFO mapred.JobClient:   Job Counters 
14/03/03 21:02:00 INFO mapred.JobClient:     Launched reduce tasks=1
14/03/03 21:02:00 INFO mapred.JobClient:     SLOTS_MILLIS_MAPS=31860
14/03/03 21:02:00 INFO mapred.JobClient:     Total time spent by all reduces waiting after reserving slots (ms)=0
14/03/03 21:02:00 INFO mapred.JobClient:     Total time spent by all maps waiting after reserving slots (ms)=0
14/03/03 21:02:00 INFO mapred.JobClient:     Launched map tasks=2
14/03/03 21:02:00 INFO mapred.JobClient:     Data-local map tasks=2
14/03/03 21:02:00 INFO mapred.JobClient:     SLOTS_MILLIS_REDUCES=13434
14/03/03 21:02:00 INFO mapred.JobClient:   File Output Format Counters 
14/03/03 21:02:00 INFO mapred.JobClient:     Bytes Written=20959908
14/03/03 21:02:00 INFO mapred.JobClient:   FileSystemCounters
14/03/03 21:02:00 INFO mapred.JobClient:     FILE_BYTES_READ=150034557
14/03/03 21:02:00 INFO mapred.JobClient:     HDFS_BYTES_READ=108550337
14/03/03 21:02:00 INFO mapred.JobClient:     FILE_BYTES_WRITTEN=219293091
14/03/03 21:02:00 INFO mapred.JobClient:     HDFS_BYTES_WRITTEN=20959908
14/03/03 21:02:00 INFO mapred.JobClient:   File Input Format Counters 
14/03/03 21:02:00 INFO mapred.JobClient:     Bytes Read=108550091
14/03/03 21:02:00 INFO mapred.JobClient:   Map-Reduce Framework
14/03/03 21:02:00 INFO mapred.JobClient:     Map output materialized bytes=69096461
14/03/03 21:02:00 INFO mapred.JobClient:     Map input records=463463
14/03/03 21:02:00 INFO mapred.JobClient:     Reduce shuffle bytes=69096461
14/03/03 21:02:00 INFO mapred.JobClient:     Spilled Records=15217405
14/03/03 21:02:00 INFO mapred.JobClient:     Map output bytes=59462039
14/03/03 21:02:00 INFO mapred.JobClient:     Total committed heap usage (bytes)=362758144
14/03/03 21:02:00 INFO mapred.JobClient:     CPU time spent (ms)=24890
14/03/03 21:02:00 INFO mapred.JobClient:     Combine input records=0
14/03/03 21:02:00 INFO mapred.JobClient:     SPLIT_RAW_BYTES=246
14/03/03 21:02:00 INFO mapred.JobClient:     Reduce input records=4810325
14/03/03 21:02:00 INFO mapred.JobClient:     Reduce input groups=1136242
14/03/03 21:02:00 INFO mapred.JobClient:     Combine output records=0
14/03/03 21:02:00 INFO mapred.JobClient:     Physical memory (bytes) snapshot=517619712
14/03/03 21:02:00 INFO mapred.JobClient:     Reduce output records=1136242
14/03/03 21:02:00 INFO mapred.JobClient:     Virtual memory (bytes) snapshot=2920095744
14/03/03 21:02:00 INFO mapred.JobClient:     Map output records=4810325
Successfully completed MapReduce.
Retrieving output from HDFS.
Executing:
 /opt/hadoop-1.2.1/bin/hadoop dfs -copyToLocal /user/hadoop/out out/5314ed98b7efb 

Warning: $HADOOP_HOME is deprecated.

Successfully retrieved output to out/5314ed98b7efb.
Executing:
 tar -czf out/5314ed98b7efb.tar.gz out/5314ed98b7efb 

Successfully packaged output as out/5314ed98b7efb.tar.gz.
Removing output directory...
Executing:
 rm -rf out/5314ed98b7efb 

Successfully removed directory out/5314ed98b7efb after packaging.
Cleaning up...
Executing:
 /opt/hadoop-1.2.1/bin/hadoop dfs -rmr /user/hadoop/data /user/hadoop/out 

Warning: $HADOOP_HOME is deprecated.

Deleted hdfs://heisenberg:54310/user/hadoop/data
Deleted hdfs://heisenberg:54310/user/hadoop/out
Successfully cleaned up.
Total execution time: 33 seconds.
All done!
