Existence of input file... CHECKED.
Failed to find the output path. Creating it.
Existence of hadoop jar... CHECKED.
Hadoop executable is located in /opt/hadoop-1.2.1/bin/hadoop
Creating working directory in HDFS.
Executing:
 /opt/hadoop-1.2.1/bin/hadoop dfs -mkdir /user/hadoop/data 

Warning: $HADOOP_HOME is deprecated.

Created directory /user/hadoop/data in HDFS.
Copying the input dataset to HDFS.
Executing:
 /opt/hadoop-1.2.1/bin/hadoop dfs -copyFromLocal /var/www/Gravity/apps/custom/user_upload/5314ec3b3a2e3.txt /user/hadoop/data 

Warning: $HADOOP_HOME is deprecated.

Successfully copied /var/www/Gravity/apps/custom/user_upload/5314ec3b3a2e3.txt to /user/hadoop/data on HDFS.
mv: cannot stat `stat/': No such file or directory
Running Hadoop MapReduce.
Executing:
 /opt/hadoop-1.2.1/bin/hadoop jar user_upload/5314ec3b3a2e3.jar TweetWordCount /user/hadoop/data /user/hadoop/out 

Warning: $HADOOP_HOME is deprecated.

14/03/03 20:55:36 WARN mapred.JobClient: Use GenericOptionsParser for parsing the arguments. Applications should implement Tool for the same.
14/03/03 20:55:36 INFO input.FileInputFormat: Total input paths to process : 1
14/03/03 20:55:36 INFO util.NativeCodeLoader: Loaded the native-hadoop library
14/03/03 20:55:36 WARN snappy.LoadSnappy: Snappy native library not loaded
14/03/03 20:55:37 INFO mapred.JobClient: Running job: job_201403032045_0002
14/03/03 20:55:38 INFO mapred.JobClient:  map 0% reduce 0%
14/03/03 20:55:51 INFO mapred.JobClient:  map 19% reduce 0%
14/03/03 20:55:52 INFO mapred.JobClient:  map 51% reduce 0%
14/03/03 20:55:54 INFO mapred.JobClient:  map 68% reduce 0%
14/03/03 20:55:55 INFO mapred.JobClient:  map 86% reduce 0%
14/03/03 20:55:57 INFO mapred.JobClient:  map 100% reduce 0%
14/03/03 20:56:06 INFO mapred.JobClient:  map 100% reduce 16%
14/03/03 20:56:09 INFO mapred.JobClient:  map 100% reduce 72%
14/03/03 20:56:11 INFO mapred.JobClient:  map 100% reduce 100%
14/03/03 20:56:13 INFO mapred.JobClient: Job complete: job_201403032045_0002
14/03/03 20:56:13 INFO mapred.JobClient: Counters: 29
14/03/03 20:56:13 INFO mapred.JobClient:   Job Counters 
14/03/03 20:56:13 INFO mapred.JobClient:     Launched reduce tasks=1
14/03/03 20:56:13 INFO mapred.JobClient:     SLOTS_MILLIS_MAPS=33268
14/03/03 20:56:13 INFO mapred.JobClient:     Total time spent by all reduces waiting after reserving slots (ms)=0
14/03/03 20:56:13 INFO mapred.JobClient:     Total time spent by all maps waiting after reserving slots (ms)=0
14/03/03 20:56:13 INFO mapred.JobClient:     Launched map tasks=2
14/03/03 20:56:13 INFO mapred.JobClient:     Data-local map tasks=2
14/03/03 20:56:13 INFO mapred.JobClient:     SLOTS_MILLIS_REDUCES=16393
14/03/03 20:56:13 INFO mapred.JobClient:   File Output Format Counters 
14/03/03 20:56:13 INFO mapred.JobClient:     Bytes Written=20959908
14/03/03 20:56:13 INFO mapred.JobClient:   FileSystemCounters
14/03/03 20:56:13 INFO mapred.JobClient:     FILE_BYTES_READ=150034557
14/03/03 20:56:13 INFO mapred.JobClient:     HDFS_BYTES_READ=108550337
14/03/03 20:56:13 INFO mapred.JobClient:     FILE_BYTES_WRITTEN=219293091
14/03/03 20:56:13 INFO mapred.JobClient:     HDFS_BYTES_WRITTEN=20959908
14/03/03 20:56:13 INFO mapred.JobClient:   File Input Format Counters 
14/03/03 20:56:13 INFO mapred.JobClient:     Bytes Read=108550091
14/03/03 20:56:13 INFO mapred.JobClient:   Map-Reduce Framework
14/03/03 20:56:13 INFO mapred.JobClient:     Map output materialized bytes=69096461
14/03/03 20:56:13 INFO mapred.JobClient:     Map input records=463463
14/03/03 20:56:13 INFO mapred.JobClient:     Reduce shuffle bytes=69096461
14/03/03 20:56:13 INFO mapred.JobClient:     Spilled Records=15217405
14/03/03 20:56:13 INFO mapred.JobClient:     Map output bytes=59462039
14/03/03 20:56:13 INFO mapred.JobClient:     Total committed heap usage (bytes)=362758144
14/03/03 20:56:13 INFO mapred.JobClient:     CPU time spent (ms)=25470
14/03/03 20:56:13 INFO mapred.JobClient:     Combine input records=0
14/03/03 20:56:13 INFO mapred.JobClient:     SPLIT_RAW_BYTES=246
14/03/03 20:56:13 INFO mapred.JobClient:     Reduce input records=4810325
14/03/03 20:56:13 INFO mapred.JobClient:     Reduce input groups=1136242
14/03/03 20:56:13 INFO mapred.JobClient:     Combine output records=0
14/03/03 20:56:13 INFO mapred.JobClient:     Physical memory (bytes) snapshot=513085440
14/03/03 20:56:13 INFO mapred.JobClient:     Reduce output records=1136242
14/03/03 20:56:13 INFO mapred.JobClient:     Virtual memory (bytes) snapshot=2920095744
14/03/03 20:56:13 INFO mapred.JobClient:     Map output records=4810325
Successfully completed MapReduce.
Retrieving output from HDFS.
Executing:
 /opt/hadoop-1.2.1/bin/hadoop dfs -copyToLocal /user/hadoop/out out/5314ec3b3a2e3 

Warning: $HADOOP_HOME is deprecated.

Successfully retrieved output to out/5314ec3b3a2e3.
Executing:
 tar -czf out/5314ec3b3a2e3.tar.gz out/5314ec3b3a2e3 

Successfully packaged output as out/5314ec3b3a2e3.tar.gz.
Removing output directory...
Executing:
 rm -rf out/5314ec3b3a2e3 

Successfully removed directory out/5314ec3b3a2e3 after packaging.
Cleaning up...
Executing:
 /opt/hadoop-1.2.1/bin/hadoop dfs -rmr /user/hadoop/data /user/hadoop/out 

Warning: $HADOOP_HOME is deprecated.

Deleted hdfs://heisenberg:54310/user/hadoop/data
Deleted hdfs://heisenberg:54310/user/hadoop/out
Successfully cleaned up.
Total execution time: 39 seconds.
All done!
