Existence of input file... CHECKED.
Failed to find the output path. Creating it.
Existence of hadoop jar... CHECKED.
Hadoop executable is located in /opt/hadoop-1.2.1/bin/hadoop
Creating working directory in HDFS.
Executing:
 /opt/hadoop-1.2.1/bin/hadoop dfs -mkdir /user/hadoop/data 

Warning: $HADOOP_HOME is deprecated.

Created directory /user/hadoop/data in HDFS.
Copying the input dataset to HDFS.
Executing:
 /opt/hadoop-1.2.1/bin/hadoop dfs -copyFromLocal /var/www/Gravity/apps/custom/user_upload/5315dd99356cd.txt /user/hadoop/data 

Warning: $HADOOP_HOME is deprecated.

Successfully copied /var/www/Gravity/apps/custom/user_upload/5315dd99356cd.txt to /user/hadoop/data on HDFS.
mv: cannot stat `stat/': No such file or directory
Running Hadoop MapReduce.
Executing:
 /opt/hadoop-1.2.1/bin/hadoop jar user_upload/5315dd99356cd.jar TweetWordCount /user/hadoop/data /user/hadoop/out 

Warning: $HADOOP_HOME is deprecated.

14/03/04 14:05:58 WARN mapred.JobClient: Use GenericOptionsParser for parsing the arguments. Applications should implement Tool for the same.
14/03/04 14:05:58 INFO input.FileInputFormat: Total input paths to process : 1
14/03/04 14:05:58 INFO util.NativeCodeLoader: Loaded the native-hadoop library
14/03/04 14:05:58 WARN snappy.LoadSnappy: Snappy native library not loaded
14/03/04 14:05:59 INFO mapred.JobClient: Running job: job_201403041403_0001
14/03/04 14:06:00 INFO mapred.JobClient:  map 0% reduce 0%
14/03/04 14:06:13 INFO mapred.JobClient:  map 29% reduce 0%
14/03/04 14:06:15 INFO mapred.JobClient:  map 48% reduce 0%
14/03/04 14:06:16 INFO mapred.JobClient:  map 69% reduce 0%
14/03/04 14:06:18 INFO mapred.JobClient:  map 87% reduce 0%
14/03/04 14:06:21 INFO mapred.JobClient:  map 100% reduce 0%
14/03/04 14:06:25 INFO mapred.JobClient:  map 100% reduce 33%
14/03/04 14:06:28 INFO mapred.JobClient:  map 100% reduce 92%
14/03/04 14:06:30 INFO mapred.JobClient:  map 100% reduce 100%
14/03/04 14:06:31 INFO mapred.JobClient: Job complete: job_201403041403_0001
14/03/04 14:06:31 INFO mapred.JobClient: Counters: 29
14/03/04 14:06:31 INFO mapred.JobClient:   Job Counters 
14/03/04 14:06:31 INFO mapred.JobClient:     Launched reduce tasks=1
14/03/04 14:06:31 INFO mapred.JobClient:     SLOTS_MILLIS_MAPS=33179
14/03/04 14:06:31 INFO mapred.JobClient:     Total time spent by all reduces waiting after reserving slots (ms)=0
14/03/04 14:06:31 INFO mapred.JobClient:     Total time spent by all maps waiting after reserving slots (ms)=0
14/03/04 14:06:31 INFO mapred.JobClient:     Launched map tasks=2
14/03/04 14:06:31 INFO mapred.JobClient:     Data-local map tasks=2
14/03/04 14:06:31 INFO mapred.JobClient:     SLOTS_MILLIS_REDUCES=12632
14/03/04 14:06:31 INFO mapred.JobClient:   File Output Format Counters 
14/03/04 14:06:31 INFO mapred.JobClient:     Bytes Written=20959908
14/03/04 14:06:31 INFO mapred.JobClient:   FileSystemCounters
14/03/04 14:06:31 INFO mapred.JobClient:     FILE_BYTES_READ=150034557
14/03/04 14:06:31 INFO mapred.JobClient:     HDFS_BYTES_READ=108550337
14/03/04 14:06:31 INFO mapred.JobClient:     FILE_BYTES_WRITTEN=219297015
14/03/04 14:06:31 INFO mapred.JobClient:     HDFS_BYTES_WRITTEN=20959908
14/03/04 14:06:31 INFO mapred.JobClient:   File Input Format Counters 
14/03/04 14:06:31 INFO mapred.JobClient:     Bytes Read=108550091
14/03/04 14:06:31 INFO mapred.JobClient:   Map-Reduce Framework
14/03/04 14:06:31 INFO mapred.JobClient:     Map output materialized bytes=69096461
14/03/04 14:06:31 INFO mapred.JobClient:     Map input records=463463
14/03/04 14:06:31 INFO mapred.JobClient:     Reduce shuffle bytes=69096461
14/03/04 14:06:31 INFO mapred.JobClient:     Spilled Records=15217405
14/03/04 14:06:31 INFO mapred.JobClient:     Map output bytes=59462039
14/03/04 14:06:31 INFO mapred.JobClient:     Total committed heap usage (bytes)=362758144
14/03/04 14:06:31 INFO mapred.JobClient:     CPU time spent (ms)=26150
14/03/04 14:06:31 INFO mapred.JobClient:     Combine input records=0
14/03/04 14:06:31 INFO mapred.JobClient:     SPLIT_RAW_BYTES=246
14/03/04 14:06:31 INFO mapred.JobClient:     Reduce input records=4810325
14/03/04 14:06:31 INFO mapred.JobClient:     Reduce input groups=1136242
14/03/04 14:06:31 INFO mapred.JobClient:     Combine output records=0
14/03/04 14:06:31 INFO mapred.JobClient:     Physical memory (bytes) snapshot=523841536
14/03/04 14:06:31 INFO mapred.JobClient:     Reduce output records=1136242
14/03/04 14:06:31 INFO mapred.JobClient:     Virtual memory (bytes) snapshot=2920095744
14/03/04 14:06:31 INFO mapred.JobClient:     Map output records=4810325
Successfully completed MapReduce.
Retrieving output from HDFS.
Executing:
 /opt/hadoop-1.2.1/bin/hadoop dfs -copyToLocal /user/hadoop/out out/5315dd99356cd 

Warning: $HADOOP_HOME is deprecated.

Successfully retrieved output to out/5315dd99356cd.
Executing:
 tar -czf out/5315dd99356cd.tar.gz out/5315dd99356cd 

Successfully packaged output as out/5315dd99356cd.tar.gz.
Removing output directory...
Executing:
 rm -rf out/5315dd99356cd 

Successfully removed directory out/5315dd99356cd after packaging.
Cleaning up...
Executing:
 /opt/hadoop-1.2.1/bin/hadoop dfs -rmr /user/hadoop/data /user/hadoop/out 

Warning: $HADOOP_HOME is deprecated.

Deleted hdfs://heisenberg:54310/user/hadoop/data
Deleted hdfs://heisenberg:54310/user/hadoop/out
Successfully cleaned up.
Total execution time: 35 seconds.
All done!
